<?xml version="1.0" encoding="UTF-8"?>
<testsuite xmlns:xsi="http://www.w3.org/2001/XMLSchema-instance" xsi:noNamespaceSchemaLocation="https://maven.apache.org/surefire/maven-surefire-plugin/xsd/surefire-test-report-3.0.xsd" version="3.0" name="escape_from_dahshur.main.Main_CharacterTest" time="0.053" tests="16" errors="0" skipped="0" failures="0">
  <properties>
[...]
</properties>
  <testcase name="testAttackWithEquippedItem" classname="escape_from_dahshur.main.Main_CharacterTest" time="0.0">
    <system-out><![CDATA[&amp#27;[31mGoblin has taken 55 damage and now has 35 health left.&amp#27;[0m
]]></system-out>
  </testcase>
  <testcase name="testDie" classname="escape_from_dahshur.main.Main_CharacterTest" time="0.0">
    <system-out><![CDATA[&amp#27;[35mHero has taken 100 damage and now has 0 health left.&amp#27;[0m
Hero has died.
]]></system-out>
  </testcase>
  <testcase name="testGetInvWeight" classname="escape_from_dahshur.main.Main_CharacterTest" time="0.0">
    <system-out><![CDATA[Sword taken.
]]></system-out>
  </testcase>
  <testcase name="testUpdateFrom" classname="escape_from_dahshur.main.Main_CharacterTest" time="0.0">
    <system-out><![CDATA[Sword taken.
]]></system-out>
  </testcase>
  <testcase name="testFromJson" classname="escape_from_dahshur.main.Main_CharacterTest" time="0.039"/>
  <testcase name="testGetters" classname="escape_from_dahshur.main.Main_CharacterTest" time="0.001"/>
  <testcase name="testTakeItem" classname="escape_from_dahshur.main.Main_CharacterTest" time="0.001">
    <system-out><![CDATA[Sword taken.
]]></system-out>
  </testcase>
  <testcase name="testDropItem" classname="escape_from_dahshur.main.Main_CharacterTest" time="0.0">
    <system-out><![CDATA[Sword taken.
Sword dropped.
]]></system-out>
  </testcase>
  <testcase name="testUnequipItem" classname="escape_from_dahshur.main.Main_CharacterTest" time="0.0">
    <system-out><![CDATA[Sword taken.
No item is equipped.
]]></system-out>
  </testcase>
  <testcase name="testFromJsonFile" classname="escape_from_dahshur.main.Main_CharacterTest" time="0.003"/>
  <testcase name="testAttack" classname="escape_from_dahshur.main.Main_CharacterTest" time="0.0">
    <system-out><![CDATA[&amp#27;[31mGoblin has taken 50 damage and now has 40 health left.&amp#27;[0m
]]></system-out>
  </testcase>
  <testcase name="testEquipItemNotInInventory" classname="escape_from_dahshur.main.Main_CharacterTest" time="0.0">
    <system-out><![CDATA[Item not found in inventory.
]]></system-out>
  </testcase>
  <testcase name="testEquipItem" classname="escape_from_dahshur.main.Main_CharacterTest" time="0.001">
    <system-out><![CDATA[Sword taken.
Sword equipped. Your damage increased by 5
]]></system-out>
  </testcase>
  <testcase name="testToJson" classname="escape_from_dahshur.main.Main_CharacterTest" time="0.001"/>
  <testcase name="testTakeDamage" classname="escape_from_dahshur.main.Main_CharacterTest" time="0.0">
    <system-out><![CDATA[&amp#27;[35mHero has taken 10 damage and now has 90 health left.&amp#27;[0m
]]></system-out>
  </testcase>
  <testcase name="testGetInvScore" classname="escape_from_dahshur.main.Main_CharacterTest" time="0.001">
    <system-out><![CDATA[Sword taken.
]]></system-out>
  </testcase>
</testsuite>