<?xml version="1.0" encoding="UTF-8"?>
<testsuite xmlns:xsi="http://www.w3.org/2001/XMLSchema-instance" xsi:noNamespaceSchemaLocation="https://maven.apache.org/surefire/maven-surefire-plugin/xsd/surefire-test-report-3.0.xsd" version="3.0" name="escape_from_dahshur.main.GameTest" time="0.04" tests="9" errors="0" skipped="0" failures="0">
  <properties>
[...]
</properties>
  <testcase name="testLoadGame" classname="escape_from_dahshur.main.GameTest" time="0.024">
    <system-out><![CDATA[                                                                    &amp#27;[36mSaving game...&amp#27;[0m
                                                               &amp#27;[32mGame saved successfully.&amp#27;[0m
                                                                   &amp#27;[36mLoading game...&amp#27;[0m
                                                              &amp#27;[32mGame loaded successfully.&amp#27;[0m
]]></system-out>
  </testcase>
  <testcase name="testSaveGame" classname="escape_from_dahshur.main.GameTest" time="0.012">
    <system-out><![CDATA[                                                                    &amp#27;[36mSaving game...&amp#27;[0m
                                                               &amp#27;[32mGame saved successfully.&amp#27;[0m
]]></system-out>
  </testcase>
  <testcase name="testMoveValidDirection" classname="escape_from_dahshur.main.GameTest" time="0.0"/>
  <testcase name="testTakeItem" classname="escape_from_dahshur.main.GameTest" time="0.0">
    <system-out><![CDATA[sword taken.
]]></system-out>
  </testcase>
  <testcase name="testHeroDies" classname="escape_from_dahshur.main.GameTest" time="0.0">
    <system-out><![CDATA[&amp#27;[35mHero has taken 150 damage and now has -50 health left.&amp#27;[0m
Hero has died.
]]></system-out>
  </testcase>
  <testcase name="testAttackNPC" classname="escape_from_dahshur.main.GameTest" time="0.001">
    <system-out><![CDATA[&amp#27;[31mMummy has taken 50 damage and now has 50 health left.&amp#27;[0m
]]></system-out>
  </testcase>
  <testcase name="testNPCDies" classname="escape_from_dahshur.main.GameTest" time="0.0">
    <system-out><![CDATA[&amp#27;[31mMummy has taken 50 damage and now has 50 health left.&amp#27;[0m
&amp#27;[31mMummy has taken 50 damage and now has 0 health left.&amp#27;[0m
Mummy has died.
Mummy is already dead and cannot be attacked.
]]></system-out>
  </testcase>
  <testcase name="testMoveInvalidDirection" classname="escape_from_dahshur.main.GameTest" time="0.001"/>
  <testcase name="testEquipItem" classname="escape_from_dahshur.main.GameTest" time="0.0"/>
</testsuite>